<?xml version="1.0" encoding="UTF-8"?>
<!-- Generated by org.testng.reporters.JUnitReportReporter -->
<testsuite skipped="0" hostname="DESKTOP-4DQP79R" name="com.test.timer.NewTest" tests="1" failures="0" timestamp="2020-09-15T15:16:02 IST" time="22.563" errors="0">
  <testcase name="f" time="22.563" classname="com.test.timer.NewTest"/>
  <system-out/>
</testsuite> <!-- com.test.timer.NewTest -->
